-------------------------------------------------------------------------------
Test set: org.sonar.samples.java.checks.MyFirstCustomCheckTest
-------------------------------------------------------------------------------
Tests run: 1, Failures: 1, Errors: 0, Skipped: 0, Time elapsed: 0.946 s <<< FAILURE! - in org.sonar.samples.java.checks.MyFirstCustomCheckTest
org.sonar.samples.java.checks.MyFirstCustomCheckTest.test  Time elapsed: 0.907 s  <<< FAILURE!
java.lang.AssertionError: Unexpected at [5, 7, 10, 10, 11]
	at org.sonar.samples.java.checks.MyFirstCustomCheckTest.test(MyFirstCustomCheckTest.java:10)

