<?xml version="1.0" encoding="UTF-8"?>
<testsuite xmlns:xsi="http://www.w3.org/2001/XMLSchema-instance" xsi:noNamespaceSchemaLocation="https://maven.apache.org/surefire/maven-surefire-plugin/xsd/surefire-test-report-3.0.xsd" version="3.0" name="org.sonar.samples.java.checks.MyFirstCustomCheckTest" time="0.946" tests="1" errors="0" skipped="0" failures="1">
  <properties>
[...]
</properties>
  <testcase name="test" classname="org.sonar.samples.java.checks.MyFirstCustomCheckTest" time="0.907">
    <failure message="Unexpected at [5, 7, 10, 10, 11]" type="java.lang.AssertionError"><![CDATA[java.lang.AssertionError: Unexpected at [5, 7, 10, 10, 11]
	at org.sonar.samples.java.checks.MyFirstCustomCheckTest.test(MyFirstCustomCheckTest.java:10)
]]></failure>
    <system-out><![CDATA[15:19:03.513 [main] DEBUG o.s.java.bytecode.ClassLoaderBuilder - ----- Classpath analyzed by Squid:
15:19:03.516 [main] DEBUG o.s.java.bytecode.ClassLoaderBuilder - C:\Users\formation\Documents\SquashTA-1.10.0-RELEASE-workspace\java-custom-rules\target\test-jars\commons-collections4-4.0.jar
15:19:03.516 [main] DEBUG o.s.java.bytecode.ClassLoaderBuilder - C:\Users\formation\Documents\SquashTA-1.10.0-RELEASE-workspace\java-custom-rules\target\test-jars\javaee-api-6.0.jar
15:19:03.517 [main] DEBUG o.s.java.bytecode.ClassLoaderBuilder - C:\Users\formation\Documents\SquashTA-1.10.0-RELEASE-workspace\java-custom-rules\target\test-jars\spring-context-4.3.3.RELEASE.jar
15:19:03.517 [main] DEBUG o.s.java.bytecode.ClassLoaderBuilder - C:\Users\formation\Documents\SquashTA-1.10.0-RELEASE-workspace\java-custom-rules\target\test-jars\spring-web-4.3.3.RELEASE.jar
15:19:03.517 [main] DEBUG o.s.java.bytecode.ClassLoaderBuilder - C:\Users\formation\Documents\SquashTA-1.10.0-RELEASE-workspace\java-custom-rules\target\test-jars\spring-webmvc-4.3.3.RELEASE.jar
15:19:03.517 [main] DEBUG o.s.java.bytecode.ClassLoaderBuilder - C:\Users\formation\Documents\SquashTA-1.10.0-RELEASE-workspace\java-custom-rules\target\test-classes
15:19:03.517 [main] DEBUG o.s.java.bytecode.ClassLoaderBuilder - -----
15:19:03.876 [main] INFO  org.sonar.squidbridge.ProgressReport - 1 source files to be analyzed
15:19:04.140 [Report about progress of Java AST analyzer] INFO  org.sonar.squidbridge.ProgressReport - 1/1 source files have been analyzed
15:19:04.149 [main] DEBUG o.s.j.checks.verifier.CheckVerifier - Remediation function and cost not provided, "constant" is assumed.
]]></system-out>
  </testcase>
</testsuite>